c:\users\sanio\source\repos\lab_1_seminars_3_4_5\lab_1_seminars_3_4_5\debug\vc142.pdb
c:\users\sanio\source\repos\lab_1_seminars_3_4_5\lab_1_seminars_3_4_5\debug\vc142.idb
c:\users\sanio\source\repos\lab_1_seminars_3_4_5\lab_1_seminars_3_4_5\debug\main_menu.obj
c:\users\sanio\source\repos\lab_1_seminars_3_4_5\lab_1_seminars_3_4_5\debug\main.obj
c:\users\sanio\source\repos\lab_1_seminars_3_4_5\lab_1_seminars_3_4_5\debug\menu_choose.obj
c:\users\sanio\source\repos\lab_1_seminars_3_4_5\lab_1_seminars_3_4_5\debug\output_array.obj
c:\users\sanio\source\repos\lab_1_seminars_3_4_5\lab_1_seminars_3_4_5\debug\main_sem_3.obj
c:\users\sanio\source\repos\lab_1_seminars_3_4_5\lab_1_seminars_3_4_5\debug\fill_array.obj
c:\users\sanio\source\repos\lab_1_seminars_3_4_5\lab_1_seminars_3_4_5\debug\creating_array.obj
c:\users\sanio\source\repos\lab_1_seminars_3_4_5\lab_1_seminars_3_4_5\debug\get_number.obj
c:\users\sanio\source\repos\lab_1_seminars_3_4_5\lab_1_seminars_3_4_5\debug\selection_sort.obj
c:\users\sanio\source\repos\lab_1_seminars_3_4_5\lab_1_seminars_3_4_5\debug\show_index_between_borders.obj
c:\users\sanio\source\repos\lab_1_seminars_3_4_5\lab_1_seminars_3_4_5\debug\get_borders.obj
c:\users\sanio\source\repos\lab_1_seminars_3_4_5\lab_1_seminars_3_4_5\debug\show_indexes_of_maximums.obj
c:\users\sanio\source\repos\lab_1_seminars_3_4_5\lab_1_seminars_3_4_5\debug\find_maximum_element.obj
c:\users\sanio\source\repos\lab_1_seminars_3_4_5\lab_1_seminars_3_4_5\debug\sum_after_maximum.obj
c:\users\sanio\source\repos\lab_1_seminars_3_4_5\lab_1_seminars_3_4_5\debug\get_maximum.obj
c:\users\sanio\source\repos\lab_1_seminars_3_4_5\lab_1_seminars_3_4_5\debug\get_size_of_array.obj
c:\users\sanio\source\repos\lab_1_seminars_3_4_5\lab_1_seminars_3_4_5\debug\choose_maximum.obj
c:\users\sanio\source\repos\lab_1_seminars_3_4_5\lab_1_seminars_3_4_5\debug\show_menu_sem_3.obj
c:\users\sanio\source\repos\lab_1_seminars_3_4_5\lab_1_seminars_3_4_5\debug\get_index.obj
c:\users\sanio\source\repos\lab_1_seminars_3_4_5\lab_1_seminars_3_4_5\debug\choose_index.obj
c:\users\sanio\source\repos\lab_1_seminars_3_4_5\lab_1_seminars_3_4_5\debug\create_two_dimensional_array.obj
c:\users\sanio\source\repos\lab_1_seminars_3_4_5\lab_1_seminars_3_4_5\debug\main_sem_4.obj
c:\users\sanio\source\repos\lab_1_seminars_3_4_5\lab_1_seminars_3_4_5\debug\fill_two_dimensional_array.obj
c:\users\sanio\source\repos\lab_1_seminars_3_4_5\lab_1_seminars_3_4_5\debug\fill_one_dimensional_array.obj
c:\users\sanio\source\repos\lab_1_seminars_3_4_5\lab_1_seminars_3_4_5\debug\creating_one_dimensional_array.obj
c:\users\sanio\source\repos\lab_1_seminars_3_4_5\lab_1_seminars_3_4_5\debug\size_of_two_dimensional_array.obj
c:\users\sanio\source\repos\lab_1_seminars_3_4_5\lab_1_seminars_3_4_5\debug\sem_3_logic.obj
c:\users\sanio\source\repos\lab_1_seminars_3_4_5\lab_1_seminars_3_4_5\debug\output_two_dimensional_array.obj
c:\users\sanio\source\repos\lab_1_seminars_3_4_5\lab_1_seminars_3_4_5\debug\output_one_dimensional_array.obj
c:\users\sanio\source\repos\lab_1_seminars_3_4_5\lab_1_seminars_3_4_5\debug\get_mode.obj
c:\users\sanio\source\repos\lab_1_seminars_3_4_5\lab_1_seminars_3_4_5\debug\array_shift_1_mode.obj
c:\users\sanio\source\repos\lab_1_seminars_3_4_5\lab_1_seminars_3_4_5\debug\array_shift_0_mode.obj
c:\users\sanio\source\repos\lab_1_seminars_3_4_5\lab_1_seminars_3_4_5\debug\main_sem_5.obj
c:\users\sanio\source\repos\lab_1_seminars_3_4_5\lab_1_seminars_3_4_5\debug\string_function.obj
c:\users\sanio\source\repos\lab_1_seminars_3_4_5\lab_1_seminars_3_4_5\debug\show_main_menu.obj
c:\users\sanio\source\repos\lab_1_seminars_3_4_5\lab_1_seminars_3_4_5\debug\file_size.obj
c:\users\sanio\source\repos\lab_1_seminars_3_4_5\debug\lab_1_seminars_3_4_5.exe
c:\users\sanio\source\repos\lab_1_seminars_3_4_5\lab_1_seminars_3_4_5\debug\lab_1_seminars_3_4_5.ilk
c:\users\sanio\source\repos\lab_1_seminars_3_4_5\debug\lab_1_seminars_3_4_5.pdb
c:\users\sanio\source\repos\lab_1_seminars_3_4_5\lab_1_seminars_3_4_5\debug\getvalue.obj
c:\users\sanio\source\repos\lab_1_seminars_3_4_5\lab_1_seminars_3_4_5\debug\prototypes.obj
c:\users\sanio\source\repos\lab_1_seminars_3_4_5\lab_1_seminars_3_4_5\debug\source.obj
c:\users\sanio\source\repos\lab_1_seminars_3_4_5\lab_1_seminars_3_4_5\debug\selection_sort.obj.enc
c:\users\sanio\source\repos\lab_1_seminars_3_4_5\lab_1_seminars_3_4_5\debug\lab_1_se.19365e3b.tlog\cl.command.1.tlog
c:\users\sanio\source\repos\lab_1_seminars_3_4_5\lab_1_seminars_3_4_5\debug\lab_1_se.19365e3b.tlog\cl.read.1.tlog
c:\users\sanio\source\repos\lab_1_seminars_3_4_5\lab_1_seminars_3_4_5\debug\lab_1_se.19365e3b.tlog\cl.write.1.tlog
c:\users\sanio\source\repos\lab_1_seminars_3_4_5\lab_1_seminars_3_4_5\debug\lab_1_se.19365e3b.tlog\link.command.1.tlog
c:\users\sanio\source\repos\lab_1_seminars_3_4_5\lab_1_seminars_3_4_5\debug\lab_1_se.19365e3b.tlog\link.read.1.tlog
c:\users\sanio\source\repos\lab_1_seminars_3_4_5\lab_1_seminars_3_4_5\debug\lab_1_se.19365e3b.tlog\link.write.1.tlog
